{
  "RSpec": {
    "coverage": {
      "/home/ubuntu/workspace/core/model/minesweeper_model.rb": [
        1,
        1,
        null,
        1,
        1,
        6,
        null,
        null,
        1,
        5,
        null,
        null,
        1,
        2,
        null,
        null,
        1,
        6,
        null,
        null,
        1,
        2,
        null,
        null,
        1,
        1,
        null,
        null,
        1,
        1,
        1,
        5,
        40,
        2,
        null,
        null,
        null,
        null,
        1,
        null,
        null,
        1,
        1,
        1,
        5,
        40,
        1,
        null,
        null,
        null,
        1,
        null,
        null,
        1,
        1,
        1,
        5,
        40,
        1,
        null,
        null,
        null,
        1,
        null,
        null,
        1,
        1,
        1,
        5,
        40,
        1,
        null,
        null,
        null,
        1,
        null,
        null,
        null
      ],
      "/home/ubuntu/workspace/core/model/model_interface.rb": [
        1,
        1,
        1,
        null,
        1,
        null
      ],
      "/home/ubuntu/workspace/core/utils/abstract_interface.rb": [
        1,
        null,
        1,
        null,
        null,
        1,
        1,
        1,
        1,
        null,
        null,
        1,
        1,
        0,
        0,
        0,
        null,
        null,
        null,
        null,
        1,
        1,
        1,
        1,
        0,
        null,
        null,
        null,
        null,
        null,
        null
      ]
    },
    "timestamp": 1513786355
  }
}
